<?xml version="1.0" encoding="UTF-8"?>
<!-- Generated by org.testng.reporters.JUnitReportReporter -->
<testsuite hostname="GURL5CD124TPLD" failures="0" tests="1" name="orangeHRM.Demo" time="18.732" errors="0" timestamp="2024-07-22T22:54:22 IST" skipped="0">
  <testcase classname="orangeHRM.Demo" name="demo" time="18.732"/>
</testsuite> <!-- orangeHRM.Demo -->
